C51 COMPILER V9.54   ADC                                                                   11/20/2023 22:09:40 PAGE 1   


C51 COMPILER V9.54, COMPILATION OF MODULE ADC
OBJECT MODULE PLACED IN .\Objects\adc.obj
COMPILER INVOKED BY: D:\KEIL5\keil5.1\C51\BIN\C51.EXE adc.c OPTIMIZE(8,SPEED) BROWSE INCDIR(..\À¶ÇÅ±­Ä£Äâ²âÊÔ¢ò) DEBUG O
                    -BJECTEXTEND PRINT(.\Listings\adc.lst) OBJECT(.\Objects\adc.obj)

line level    source

   1          #include "adc.h"
   2          #include "IIC.h"
   3          
   4          uchar adc_read(uchar addr)
   5          {
   6   1              uchar date;
   7   1              I2CStart();
   8   1              I2CSendByte(PCF8591T_ADDRESS_W);
   9   1              I2CWaitAck();
  10   1              I2CSendByte(addr);
  11   1              I2CWaitAck();
  12   1              I2CStop();
  13   1              
  14   1              I2CStart();
  15   1              I2CSendByte(PCF8591T_ADDRESS_R);
  16   1              I2CWaitAck();   
  17   1              date = I2CReceiveByte();
  18   1              I2CSendAck(1);
  19   1              I2CStop();
  20   1              return date;
  21   1      }
  22          
  23          void dac_out(uchar date)
  24          {
  25   1              I2CStart();
  26   1              I2CSendByte(PCF8591T_ADDRESS_W);
  27   1              I2CWaitAck();
  28   1              I2CSendByte(0x40);
  29   1              I2CWaitAck();
  30   1              I2CSendByte(date);
  31   1              I2CWaitAck();   
  32   1              I2CStop();
  33   1      }
  34          
  35          
  36          
  37          
  38          
  39          


MODULE INFORMATION:   STATIC OVERLAYABLE
   CODE SIZE        =     83    ----
   CONSTANT SIZE    =   ----    ----
   XDATA SIZE       =   ----    ----
   PDATA SIZE       =   ----    ----
   DATA SIZE        =   ----       3
   IDATA SIZE       =   ----    ----
   BIT SIZE         =   ----    ----
END OF MODULE INFORMATION.


C51 COMPILATION COMPLETE.  0 WARNING(S),  0 ERROR(S)
