C51 COMPILER V9.54   DS18B20                                                               11/20/2023 22:11:04 PAGE 1   


C51 COMPILER V9.54, COMPILATION OF MODULE DS18B20
OBJECT MODULE PLACED IN .\Objects\DS18B20.obj
COMPILER INVOKED BY: D:\KEIL5\keil5.1\C51\BIN\C51.EXE DS18B20.c OPTIMIZE(8,SPEED) BROWSE INCDIR(..\蓝桥杯模拟测试Ⅱ) DEB
                    -UG OBJECTEXTEND PRINT(.\Listings\DS18B20.lst) OBJECT(.\Objects\DS18B20.obj)

line level    source

   1          #include "DS18B20.h"
   2          #include "onewire.h"
   3          //DS18B20指令
   4          #define DS18B20_SKIP_ROM                        0xCC
   5          #define DS18B20_CONVERT_T                       0x44
   6          #define DS18B20_READ_SCRATCHPAD         0xBE
   7          /**
   8            * @brief  DS18B20开始温度变换
   9            * @param  无
  10            * @retval 无
  11            */
  12          void DS18B20_ConvertT(void)
  13          {
  14   1              init_ds18b20();         //先初始化
  15   1              Write_DS18B20(DS18B20_SKIP_ROM);//跳过指令
  16   1              Write_DS18B20(DS18B20_CONVERT_T);//温度转换指令
  17   1      }
  18          
  19          /**
  20            * @brief  DS18B20读取温度
  21            * @param  无
  22            * @retval 温度数值
  23            */
  24          uint DS18B20_ReadT(void)
  25          {
  26   1              unsigned char TLSB,TMSB;//定义接收变量
  27   1              unsigned int Temp;//定义计算后的真实温度
  28   1              
  29   1              init_ds18b20(); //初始化
  30   1              Write_DS18B20(DS18B20_SKIP_ROM);//跳过指令
  31   1              Write_DS18B20(DS18B20_READ_SCRATCHPAD);//读取指令
  32   1              TLSB=Read_DS18B20();    //先读取低字节
  33   1              TMSB=Read_DS18B20();//再读取高字节
  34   1              Temp=(TMSB<<8)|TLSB;    //高字节与低字节合并为整体
  35   1              Temp=Temp/16;   //将16进制转换为10进制
  36   1              return Temp;//返回温度
  37   1      }


MODULE INFORMATION:   STATIC OVERLAYABLE
   CODE SIZE        =     54    ----
   CONSTANT SIZE    =   ----    ----
   XDATA SIZE       =   ----    ----
   PDATA SIZE       =   ----    ----
   DATA SIZE        =   ----       1
   IDATA SIZE       =   ----    ----
   BIT SIZE         =   ----    ----
END OF MODULE INFORMATION.


C51 COMPILATION COMPLETE.  0 WARNING(S),  0 ERROR(S)
