C51 COMPILER V9.54   LED                                                                   11/20/2023 22:09:39 PAGE 1   


C51 COMPILER V9.54, COMPILATION OF MODULE LED
OBJECT MODULE PLACED IN .\Objects\LED.obj
COMPILER INVOKED BY: D:\KEIL5\keil5.1\C51\BIN\C51.EXE LED.c OPTIMIZE(8,SPEED) BROWSE INCDIR(..\À¶ÇÅ±­Ä£Äâ²âÊÔ¢ò) DEBUG O
                    -BJECTEXTEND PRINT(.\Listings\LED.lst) OBJECT(.\Objects\LED.obj)

line level    source

   1          #include "LED.h"
   2          
   3          //uchar led[]={0xfe,0xfd,0xfb,0xf7, 0xef,0xdf,0xbf,0x7f, 0x00};
   4          //uchar led_date=0xff;
   5          //void LED_Init(void)
   6          //{
   7          //      HC138_Chose(4);
   8          //      P0=0xff;
   9          //      HC138_Chose(0);
  10          //}
  11          //void LED_Scan(unsigned char led_date)
  12          //{
  13          //      HC138_Chose(4);
  14          //      P0 = led_date;
  15          //      HC138_Chose(0);
  16          //}
  17          //void Led_ON(uchar num)
  18          //{
  19          //      led_date &= led[num-1];
  20          //}
  21          //void Led_OFF(uchar num)
  22          //{
  23          //      led_date |= ~led[num-1];
  24          //}
  25          void Led1_ON(void)
  26          {
  27   1              HC138_Chose(4);
  28   1              P0=0xfe;
  29   1              HC138_Chose(0);
  30   1      }
  31          
  32          void Led2_ON(void)
  33          {
  34   1              HC138_Chose(4);
  35   1              P0=0xfd;
  36   1              HC138_Chose(0);
  37   1      }
  38          void Led_OFF(void)
  39          {
  40   1              HC138_Chose(4);
  41   1              P0=0xff;
  42   1              HC138_Chose(0);
  43   1      }


MODULE INFORMATION:   STATIC OVERLAYABLE
   CODE SIZE        =     39    ----
   CONSTANT SIZE    =   ----    ----
   XDATA SIZE       =   ----    ----
   PDATA SIZE       =   ----    ----
   DATA SIZE        =   ----    ----
   IDATA SIZE       =   ----    ----
   BIT SIZE         =   ----    ----
END OF MODULE INFORMATION.

C51 COMPILER V9.54   LED                                                                   11/20/2023 22:09:39 PAGE 2   


C51 COMPILATION COMPLETE.  0 WARNING(S),  0 ERROR(S)
