C51 COMPILER V9.54   SMG                                                                   11/20/2023 22:09:38 PAGE 1   


C51 COMPILER V9.54, COMPILATION OF MODULE SMG
OBJECT MODULE PLACED IN .\Objects\SMG.obj
COMPILER INVOKED BY: D:\KEIL5\keil5.1\C51\BIN\C51.EXE SMG.c OPTIMIZE(8,SPEED) BROWSE INCDIR(..\蓝桥杯模拟测试Ⅱ) DEBUG O
                    -BJECTEXTEND PRINT(.\Listings\SMG.lst) OBJECT(.\Objects\SMG.obj)

line level    source

   1          #include "SMG.h"
   2          //unsigned char code duanma[19]={
   3          //0xc0, //0
   4          //0xf9, //1
   5          //0xa4, //2
   6          //0xb0, //3
   7          //0x99, //4
   8          //0x92, //5
   9          //0x82, //6
  10          //0xf8, //7
  11          //0x80, //8
  12          //0x90, //9
  13          //0x88, //A 11
  14          //0x83, //b
  15          //0xc6, //C
  16          //0xa1, //d
  17          //0x86, //E
  18          //0x8e, //F
  19          //0xbf, 
  20          //0x7f, 
  21          //0xff  
  22          //};
  23          /*************  本地常量声明    **************/
  24          unsigned char code duanma[]={                       //标准字库
  25          //   0    1    2    3    4    5    6    7    8    9    A    B    C    D    E    F
  26              0x3F,0x06,0x5B,0x4F,0x66,0x6D,0x7D,0x07,0x7F,0x6F,0x77,0x7C,0x39,0x5E,0x79,0x71,
  27          //black  -     H    J    K    L    N    o   P    U     t    G    Q    r   M    y
  28              0x00,0x40,0x76,0x1E,0x70,0x38,0x37,0x5C,0x73,0x3E,0x78,0x3d,0x67,0x50,0x37,0x6e,
  29              0xBF,0x86,0xDB,0xCF,0xE6,0xED,0xFD,0x87,0xFF,0xEF,0x46};    //0. 1. 2. 3. 4. 5. 6. 7. 8. 9. -1
  30          
  31          unsigned char code weima[]={0x01,0x02,0x04,0x08,0x10,0x20,0x40,0x80};      //位码
  32          
  33          /***************************存放将要显示的数据********************************/
  34          uchar SMGShow_Buf[9]={0,19,19,19,19,19,19,19,19};
  35          
  36          /**************************设置将要显示的数据*********************************/ 
  37          void SMG_SetBuf(unsigned char pos,unsigned char number)
  38          {
  39   1              SMGShow_Buf[pos]=number;
  40   1      }
  41          
  42          /***************************数码管扫描显示********************************/
  43          void DisplySMG(unsigned char pos,unsigned char date)
  44          {
  45   1              
  46   1              HC138_Chose(6);//开启位选通道
  47   1              //P0 = ~((P0 & 0x00) | (0x01<<(pos-1)));//点亮哪一位数码管
  48   1              P0=weima[pos-1];
  49   1              HC138_Chose(7);//开启断码显示通道
  50   1              P0 = ~duanma[date];//显示数据
  51   1              Delay1ms();
  52   1              P0=0xff;//消隐
  53   1      }
  54          
C51 COMPILER V9.54   SMG                                                                   11/20/2023 22:09:38 PAGE 2   

  55          /***************************定时器定时扫描********************************/
  56          void SMG_Loop(void)
  57          {
  58   1              static unsigned char i =1;
  59   1              DisplySMG(i,SMGShow_Buf[i]);
  60   1              i++;
  61   1              if(i<=9){i=1;}
  62   1      }


MODULE INFORMATION:   STATIC OVERLAYABLE
   CODE SIZE        =     70    ----
   CONSTANT SIZE    =     51    ----
   XDATA SIZE       =   ----    ----
   PDATA SIZE       =   ----    ----
   DATA SIZE        =     10       2
   IDATA SIZE       =   ----    ----
   BIT SIZE         =   ----    ----
END OF MODULE INFORMATION.


C51 COMPILATION COMPLETE.  0 WARNING(S),  0 ERROR(S)
