C51 COMPILER V9.54   TIMER                                                                 11/20/2023 22:09:37 PAGE 1   


C51 COMPILER V9.54, COMPILATION OF MODULE TIMER
OBJECT MODULE PLACED IN .\Objects\Timer.obj
COMPILER INVOKED BY: D:\KEIL5\keil5.1\C51\BIN\C51.EXE Timer.c OPTIMIZE(8,SPEED) BROWSE INCDIR(..\蓝桥杯模拟测试Ⅱ) DEBUG
                    - OBJECTEXTEND PRINT(.\Listings\Timer.lst) OBJECT(.\Objects\Timer.obj)

line level    source

   1          #include <STC15F2K60S2.H>
   2          #include "Timer.h"
   3          
   4          
   5          void Timer0_Init(void)          //1毫秒@12.000MHz
   6          {
   7   1              AUXR &= 0x7F;                   //定时器时钟12T模式
   8   1              TMOD &= 0xF0;                   //设置定时器模式
   9   1              TL0 = 0x18;                             //设置定时初始值
  10   1              TH0 = 0xFC;                             //设置定时初始值
  11   1              ET0=1;
  12   1              TF0 = 0;                                //清除TF0标志
  13   1              EA=1;
  14   1              TR0 = 1;                                //定时器0开始计时
  15   1      }


MODULE INFORMATION:   STATIC OVERLAYABLE
   CODE SIZE        =     21    ----
   CONSTANT SIZE    =   ----    ----
   XDATA SIZE       =   ----    ----
   PDATA SIZE       =   ----    ----
   DATA SIZE        =   ----    ----
   IDATA SIZE       =   ----    ----
   BIT SIZE         =   ----    ----
END OF MODULE INFORMATION.


C51 COMPILATION COMPLETE.  0 WARNING(S),  0 ERROR(S)
