C51 COMPILER V9.54   KEY                                                                   11/12/2023 09:44:24 PAGE 1   


C51 COMPILER V9.54, COMPILATION OF MODULE KEY
OBJECT MODULE PLACED IN .\Objects\key.obj
COMPILER INVOKED BY: D:\KEIL5\keil5.1\C51\BIN\C51.EXE key.c OPTIMIZE(8,SPEED) BROWSE INCDIR(..\2.¼ÌµçÆ÷Óë·äÃùÆ÷) DEBUG O
                    -BJECTEXTEND PRINT(.\Listings\key.lst) OBJECT(.\Objects\key.obj)

line level    source

   1          #include "key.h"
   2          sbit S7 = P3^0;
   3          sbit S6 = P3^1;
   4          sbit S5 = P3^2;
   5          sbit S4 = P3^3;
   6          
   7          sbit L1 = P0^0;
   8          sbit L2 = P0^1;
   9          sbit L3 = P0^2;
  10          sbit L4 = P0^3;
  11          sbit L5 = P0^4;
  12          sbit L6 = P0^5;
  13          void ScanKey_Alone()
  14          {
  15   1              if(S7==0)
  16   1              {
  17   2                      Delay(20);
  18   2                      if(S7==0)
  19   2                      {
  20   3                              L1=0;
  21   3                              while(S7==0);
  22   3                              L1=1;
  23   3                      }
  24   2              }
  25   1              if(S6==0)
  26   1              {
  27   2                      Delay(20);
  28   2                      if(S6==0)
  29   2                      {
  30   3                              L2=0;
  31   3                              while(S6==0);
  32   3                              L2=1;
  33   3                      }
  34   2              }
  35   1              if(S5==0)
  36   1              {
  37   2                      Delay(20);
  38   2                      if(S5==0)
  39   2                      {
  40   3                              L3=0;
  41   3                              while(S5==0);
  42   3                              L3=1;
  43   3                      }
  44   2              }
  45   1              if(S4==0)
  46   1              {
  47   2                      Delay(20);
  48   2                      if(S4==0)
  49   2                      {
  50   3                              L4=0;
  51   3                              while(S4==0);
  52   3                              L4=1;
  53   3                      }
  54   2              }
C51 COMPILER V9.54   KEY                                                                   11/12/2023 09:44:24 PAGE 2   

  55   1      }
  56          /***************************¾ØÕó¼üÅÌ********************************/
  57          unsigned char Key_Num;
  58          void Key_Read(void)
  59          {
  60   1              
  61   1              P44 = 0; P42 = 1; P35 = 1; P34 = 1; // µÚ 1 ÁÐ
  62   1              P30 = 1; P31 = 1; P32 = 1; P33 = 1; 
  63   1              if(P30==0)
  64   1              {
  65   2                      Delay(20);
  66   2                      if(P30==0)Key_Num = 1;
  67   2              }
  68   1              else if(P31==0)
  69   1              {
  70   2                      Delay(20);
  71   2                      if(P31==0)Key_Num =  2;
  72   2              }
  73   1                      else if(P32==0)
  74   1              {
  75   2                      Delay(20);
  76   2                      if(P32==0)Key_Num =  3;
  77   2              }
  78   1                      else if(P33==0)
  79   1              {
  80   2                      Delay(20);
  81   2                      if(P33==0) Key_Num =  4;
  82   2              }
  83   1              
  84   1      }


MODULE INFORMATION:   STATIC OVERLAYABLE
   CODE SIZE        =    165    ----
   CONSTANT SIZE    =   ----    ----
   XDATA SIZE       =   ----    ----
   PDATA SIZE       =   ----    ----
   DATA SIZE        =      1    ----
   IDATA SIZE       =   ----    ----
   BIT SIZE         =   ----    ----
END OF MODULE INFORMATION.


C51 COMPILATION COMPLETE.  0 WARNING(S),  0 ERROR(S)
