C51 COMPILER V9.54   LED                                                                   11/12/2023 20:12:00 PAGE 1   


C51 COMPILER V9.54, COMPILATION OF MODULE LED
OBJECT MODULE PLACED IN .\Objects\LED.obj
COMPILER INVOKED BY: D:\KEIL5\keil5.1\C51\BIN\C51.EXE LED.c OPTIMIZE(8,SPEED) BROWSE INCDIR(..\2.继电器与蜂鸣器) DEBUG O
                    -BJECTEXTEND PRINT(.\Listings\LED.lst) OBJECT(.\Objects\LED.obj)

line level    source

   1          #include "LED.h"
   2          
   3          /**
   4            ************************************************************************** 
   5            ** -------------------------------------------------------------------- **
   6            ** @name          : None
   7            ** @brief         : num为0,L1点亮
   8            ** @param         : P0=~(0000 0000 | 0000 0001)=1111 1110
   9            ** @retval        : None
  10            ** @author        : SmallBit886
  11            ** -------------------------------------------------------------------- **
  12            ** @attention     : 非法操作全部熄灭
  13            ** -------------------------------------------------------------------- **
  14            ************************************************************************** 
  15          **/
  16          
  17          void LED_SHOW(unsigned char num)
  18          {
  19   1              if(8 > num && 0 <= num)
  20   1              {
  21   2                      Init_HC138(4);//Y4
  22   2                      P0 = ~((P0 & 0x00) | (0x01 << num));
  23   2              }
  24   1              else
  25   1              {
  26   2                      Init_HC138(4);//Y4
  27   2                      P0 = 0xff;//全部熄灭
  28   2              }
  29   1      }
  30          /***********************************************************/
  31          void LED_Init(void)
  32          {
  33   1              Init_HC138(4);//Y4
  34   1              LED_ALL_OFF();//熄灭全部
  35   1      }
  36          /***********************************************************/
  37          void LED_ALL_ON(void)
  38          {
  39   1              Init_HC138(4);//Y4
  40   1              P0 = 0x00;//全部亮
  41   1      }
  42          /***********************************************************/
  43          void LED_ALL_OFF(void)
  44          {
  45   1              Init_HC138(4);//Y4
  46   1              P0 = 0xff;//全部熄灭
  47   1      }


MODULE INFORMATION:   STATIC OVERLAYABLE
   CODE SIZE        =     72    ----
   CONSTANT SIZE    =   ----    ----
   XDATA SIZE       =   ----    ----
   PDATA SIZE       =   ----    ----
C51 COMPILER V9.54   LED                                                                   11/12/2023 20:12:00 PAGE 2   

   DATA SIZE        =   ----       1
   IDATA SIZE       =   ----    ----
   BIT SIZE         =   ----    ----
END OF MODULE INFORMATION.


C51 COMPILATION COMPLETE.  0 WARNING(S),  0 ERROR(S)
