C51 COMPILER V9.54   RELAY                                                                 11/12/2023 00:14:46 PAGE 1   


C51 COMPILER V9.54, COMPILATION OF MODULE RELAY
OBJECT MODULE PLACED IN .\Objects\relay.obj
COMPILER INVOKED BY: D:\KEIL5\keil5.1\C51\BIN\C51.EXE relay.c OPTIMIZE(8,SPEED) BROWSE INCDIR(..\2.继电器与蜂鸣器) DEBUG
                    - OBJECTEXTEND PRINT(.\Listings\relay.lst) OBJECT(.\Objects\relay.obj)

line level    source

   1          #include "relay.h"
   2          sbit relay =  P0^5;
   3          
   4          void Realy_Init(void)
   5          {
   6   1              Init_HC138(5);//导通Y5
   7   1              relay=0;//闭合
   8   1      }
   9          void Realy_ON(void)
  10          {
  11   1              Init_HC138(5);//导通Y5
  12   1              relay=1;//打开
  13   1      }
  14          void Realy_OFF(void)
  15          {
  16   1              Init_HC138(5);//导通Y5
  17   1              relay=0;//闭合
  18   1      }


MODULE INFORMATION:   STATIC OVERLAYABLE
   CODE SIZE        =     24    ----
   CONSTANT SIZE    =   ----    ----
   XDATA SIZE       =   ----    ----
   PDATA SIZE       =   ----    ----
   DATA SIZE        =   ----    ----
   IDATA SIZE       =   ----    ----
   BIT SIZE         =   ----    ----
END OF MODULE INFORMATION.


C51 COMPILATION COMPLETE.  0 WARNING(S),  0 ERROR(S)
