C51 COMPILER V9.54   SMG                                                                   11/12/2023 20:27:01 PAGE 1   


C51 COMPILER V9.54, COMPILATION OF MODULE SMG
OBJECT MODULE PLACED IN .\Objects\SMG.obj
COMPILER INVOKED BY: D:\KEIL5\keil5.1\C51\BIN\C51.EXE SMG.c OPTIMIZE(8,SPEED) BROWSE INCDIR(..\2.继电器与蜂鸣器) DEBUG O
                    -BJECTEXTEND PRINT(.\Listings\SMG.lst) OBJECT(.\Objects\SMG.obj)

line level    source

   1          #include "SMG.h"
   2          /**************************0---9 a---h*********************************/
   3          unsigned char code daunma[18]={0xc0,0xf9,0xa4,0xb0,0x99,0x92,0x82,0xf8,0x80,0x90,
   4                                                                   0x88,0x80,0xc6,0xc0,0x86,0x8e,0xbf,0x7f};
   5          void SMG_Init(void)
   6          {
   7   1              Init_HC138(7);//Y7导通
   8   1              Init_HC138(6);//Y6导通
   9   1              
  10   1      }
  11          void SMG_Show(unsigned char pos ,unsigned char date)
  12          {
  13   1              //Init_HC138(6);//Y6导通
  14   1              P2=~(0x00 | (0x01<<pos));
  15   1              //Init_HC138(7);//Y7导通
  16   1              P0=date;
  17   1              Delay(2);
  18   1              P0=0xff;
  19   1      }
  20          /***************************8 个数码管从左至右， 逐个数码管依次显示“0” 到“9” 的 10 个数字*************
             -*******************/
  21          void show1(void)
  22          {
  23   1              unsigned char i,j;
  24   1              for(i=0;i<8;i++)
  25   1              {
  26   2                      for(j=0;j<10;j++)
  27   2                      {
  28   3                              SMG_Show(i,daunma[j]);
  29   3                              Delay(500);
  30   3                      }
  31   2              }
  32   1      }
  33          /****************************8 个数码管同时显示“0” 到“9” 的 10 个数字和“A” 到“F” 的 6 个字母******
             -*************************/
  34          void show2(void)
  35          {
  36   1              unsigned char j;
  37   1              
  38   1              for(j=0;j<16;j++)
  39   1              {
  40   2                      P2=0x00;
  41   2                      Delay(2);
  42   2                      P0=daunma[j];
  43   2                      Delay(500);
  44   2              }
  45   1      
  46   1      }
  47          
  48          /****************************数码管的动态显示*******************************/
  49          unsigned char yu;
  50          void display_show()
  51          {
  52   1              SMG_Show(0,daunma[2]);
C51 COMPILER V9.54   SMG                                                                   11/12/2023 20:27:01 PAGE 2   

  53   1              //Delay(1);
  54   1              SMG_Show(1,daunma[0]);
  55   1              //Delay(1);
  56   1              SMG_Show(2,daunma[2]);
  57   1              //Delay(1); 
  58   1              SMG_Show(3,daunma[3]);
  59   1              //Delay(1); 
  60   1              SMG_Show(4,daunma[16]);
  61   1              //Delay(1); 
  62   1              SMG_Show(5,daunma[16]);
  63   1              //Delay(1);     
  64   1              SMG_Show(6,yu/10);
  65   1              //Delay(1);
  66   1              SMG_Show(7,yu%10);
  67   1              //Delay(1);
  68   1      }
  69          
  70          void YueAdd(void)
  71          {
  72   1              yu++;
  73   1              if(yu>12) 
  74   1              {
  75   2                      yu=1;
  76   2              }
  77   1              Delay(500);
  78   1      }
  79          
  80          
  81          
  82          
  83          


MODULE INFORMATION:   STATIC OVERLAYABLE
   CODE SIZE        =    222    ----
   CONSTANT SIZE    =     18    ----
   XDATA SIZE       =   ----    ----
   PDATA SIZE       =   ----    ----
   DATA SIZE        =      1       3
   IDATA SIZE       =   ----    ----
   BIT SIZE         =   ----    ----
END OF MODULE INFORMATION.


C51 COMPILATION COMPLETE.  0 WARNING(S),  0 ERROR(S)
