C51 COMPILER V9.54   KEY                                                                   11/12/2023 11:31:21 PAGE 1   


C51 COMPILER V9.54, COMPILATION OF MODULE KEY
OBJECT MODULE PLACED IN .\Objects\key.obj
COMPILER INVOKED BY: D:\KEIL5\keil5.1\C51\BIN\C51.EXE key.c OPTIMIZE(8,SPEED) BROWSE INCDIR(..\09-定时器实现秒闪功能) DE
                    -BUG OBJECTEXTEND PRINT(.\Listings\key.lst) OBJECT(.\Objects\key.obj)

line level    source

   1          #include "key.h"
   2          sbit S7 = P3^0;
   3          sbit S6 = P3^1;
   4          sbit S5 = P3^2;
   5          sbit S4 = P3^3;
   6          
   7          sbit L1 = P0^0;
   8          sbit L2 = P0^1;
   9          sbit L3 = P0^2;
  10          sbit L4 = P0^3;
  11          sbit L5 = P0^4;
  12          sbit L6 = P0^5;
  13          sbit L7 = P0^6;
  14          sbit L8 = P0^7;
  15          void ScanKey_Alone()
  16          {
  17   1              if(S7==0)
  18   1              {
  19   2                      Delay(20);
  20   2                      if(S7==0)
  21   2                      {
  22   3                              L1=0;
  23   3                              while(S7==0);
  24   3                              L1=1;
  25   3                      }
  26   2              }
  27   1              if(S6==0)
  28   1              {
  29   2                      Delay(20);
  30   2                      if(S6==0)
  31   2                      {
  32   3                              L2=0;
  33   3                              while(S6==0);
  34   3                              L2=1;
  35   3                      }
  36   2              }
  37   1              if(S5==0)
  38   1              {
  39   2                      Delay(20);
  40   2                      if(S5==0)
  41   2                      {
  42   3                              L3=0;
  43   3                              while(S5==0);
  44   3                              L3=1;
  45   3                      }
  46   2              }
  47   1              if(S4==0)
  48   1              {
  49   2                      Delay(20);
  50   2                      if(S4==0)
  51   2                      {
  52   3                              L4=0;
  53   3                              while(S4==0);
  54   3                              L4=1;
C51 COMPILER V9.54   KEY                                                                   11/12/2023 11:31:21 PAGE 2   

  55   3                      }
  56   2              }
  57   1      }
  58          /***************************矩阵键盘********************************/
  59          unsigned char Key_Num;
  60          void Key_Read(void)
  61          {
  62   1              
  63   1              P44 = 0; P42 = 1; P35 = 1; P34 = 1; // 第 1 列
  64   1              P30 = 1; P31 = 1; P32 = 1; P33 = 1; 
  65   1              if(P30==0)
  66   1              {
  67   2                      Delay(20);
  68   2                      if(P30==0)Key_Num = 1;
  69   2              }
  70   1              else if(P31==0)
  71   1              {
  72   2                      Delay(20);
  73   2                      if(P31==0)Key_Num =  2;
  74   2              }
  75   1                      else if(P32==0)
  76   1              {
  77   2                      Delay(20);
  78   2                      if(P32==0)Key_Num =  3;
  79   2              }
  80   1                      else if(P33==0)
  81   1              {
  82   2                      Delay(20);
  83   2                      if(P33==0) Key_Num =  4;
  84   2              }
  85   1              
  86   1      }


MODULE INFORMATION:   STATIC OVERLAYABLE
   CODE SIZE        =    165    ----
   CONSTANT SIZE    =   ----    ----
   XDATA SIZE       =   ----    ----
   PDATA SIZE       =   ----    ----
   DATA SIZE        =      1    ----
   IDATA SIZE       =   ----    ----
   BIT SIZE         =   ----    ----
END OF MODULE INFORMATION.


C51 COMPILATION COMPLETE.  0 WARNING(S),  0 ERROR(S)
