C51 COMPILER V9.54   MAIN                                                                  11/12/2023 11:50:45 PAGE 1   


C51 COMPILER V9.54, COMPILATION OF MODULE MAIN
OBJECT MODULE PLACED IN .\Objects\main.obj
COMPILER INVOKED BY: D:\KEIL5\keil5.1\C51\BIN\C51.EXE main.c OPTIMIZE(8,SPEED) BROWSE INCDIR(..\09-定时器实现秒闪功能) D
                    -EBUG OBJECTEXTEND PRINT(.\Listings\main.lst) OBJECT(.\Objects\main.obj)

line level    source

   1          #include "sys.h"
   2          
   3          sbit L8 = P0^7;
   4          int main()
   5          {
   6   1              LED_Init();//LED初始化
   7   1              BUZZ_Init();//蜂鸣器初始化
   8   1              Realy_Init();//继电器初始化
   9   1              SMG_Init();//数码管初始化
  10   1              Exit_Init();//INT0初始化
  11   1              Timer0_Init();//定时器0初始化
  12   1              while(1)
  13   1              {
  14   2      
  15   2                      LED_Work();
  16   2      
  17   2              }
  18   1      }


MODULE INFORMATION:   STATIC OVERLAYABLE
   CODE SIZE        =     23    ----
   CONSTANT SIZE    =   ----    ----
   XDATA SIZE       =   ----    ----
   PDATA SIZE       =   ----    ----
   DATA SIZE        =   ----    ----
   IDATA SIZE       =   ----    ----
   BIT SIZE         =   ----    ----
END OF MODULE INFORMATION.


C51 COMPILATION COMPLETE.  0 WARNING(S),  0 ERROR(S)
