C51 COMPILER V9.54   TIMER0                                                                11/12/2023 11:50:45 PAGE 1   


C51 COMPILER V9.54, COMPILATION OF MODULE TIMER0
OBJECT MODULE PLACED IN .\Objects\Timer0.obj
COMPILER INVOKED BY: D:\KEIL5\keil5.1\C51\BIN\C51.EXE Timer0.c OPTIMIZE(8,SPEED) BROWSE INCDIR(..\09-定时器实现秒闪功能)
                    - DEBUG OBJECTEXTEND PRINT(.\Listings\Timer0.lst) OBJECT(.\Objects\Timer0.obj)

line level    source

   1          #include "Timer0.h"
   2          sbit S7 = P3^0;
   3          sbit S6 = P3^1;
   4          sbit S5 = P3^2;
   5          sbit S4 = P3^3;
   6          
   7          sbit L1 = P0^0;
   8          sbit L2 = P0^1;
   9          sbit L3 = P0^2;
  10          sbit L4 = P0^3;
  11          sbit L5 = P0^4;
  12          sbit L6 = P0^5;
  13          sbit L7 = P0^6;
  14          sbit L8 = P0^7;
  15          void Timer0_Init(void)      //12MHZ
  16          {                                                       
  17   1              AUXR |= 0x80;                   //定时器时钟1T模式
  18   1              TMOD &= 0xf0;                   //16 位的定时/计数器
  19   1              TMOD |= 0x01;                   //16 位的定时/计数器
  20   1              TH0=(65535-50000)/256;  //赋初值60---0xD1
  21   1              TL0=(65535-50000)%256;  //68----0x20
  22   1              ET0=1;                                  //允许定时器0中断
  23   1              IT0=1;                                  //外部中断 0 为下降沿触发方式
  24   1              PT0=1;                                  //置 1 为高优先级
  25   1              TF0 = 0;                                //清除TF0标志
  26   1              EA=1;//CPU 开放中断
  27   1              TR0=1;//开启定时器0
  28   1      }
  29          
  30          unsigned char count;
  31          void Timer0_Intrrupt(void) interrupt 1 //50ms中断
  32          {
  33   1              TH0=(65535-10000)/256;//赋初值
  34   1              TL0=(65535-10000)%256;
  35   1              count++;
  36   1              if(count%10)//500ms
  37   1              {
  38   2                      L1 = ~L1;
  39   2              }
  40   1              if(count == 100)//5s
  41   1              {
  42   2                      L8 =~L8;
  43   2              }
  44   1      }


MODULE INFORMATION:   STATIC OVERLAYABLE
   CODE SIZE        =     68    ----
   CONSTANT SIZE    =   ----    ----
   XDATA SIZE       =   ----    ----
   PDATA SIZE       =   ----    ----
   DATA SIZE        =      1    ----
   IDATA SIZE       =   ----    ----
   BIT SIZE         =   ----    ----
C51 COMPILER V9.54   TIMER0                                                                11/12/2023 11:50:45 PAGE 2   

END OF MODULE INFORMATION.


C51 COMPILATION COMPLETE.  0 WARNING(S),  0 ERROR(S)
