C51 COMPILER V9.54   DS1302                                                                11/13/2023 23:49:43 PAGE 1   


C51 COMPILER V9.54, COMPILATION OF MODULE DS1302
OBJECT MODULE PLACED IN .\Objects\DS1302.obj
COMPILER INVOKED BY: D:\KEIL5\keil5.1\C51\BIN\C51.EXE DS1302.c OPTIMIZE(8,SPEED) BROWSE INCDIR(..\模拟测试) DEBUG OBJECT
                    -EXTEND PRINT(.\Listings\DS1302.lst) OBJECT(.\Objects\DS1302.obj)

line level    source

   1          /*      #       DS1302代码片段说明
   2                  1.      本文件夹中提供的驱动代码供参赛选手完成程序设计参考。
   3                  2.      参赛选手可以自行编写相关代码或以该代码为基础，根据所选单片机类型、运行速度和试题
   4                          中对单片机时钟频率的要求，进行代码调试和修改。
   5          */                                                              
   6          
   7          //
   8          #include "DS1302.h"
   9          #include "INTRINS.h"
  10          sbit SCK = P1^7;
  11          sbit SDA = P2^3;
  12          sbit RST = P1^3;
  13          #define DS1302_SECOND  0x80
  14          #define DS1302_MINUTES 0x82
  15          #define DS1302_HOUR    0x84
  16          #define DS1302_DATE    0x86
  17          #define DS1302_MONTH   0x88
  18          #define DS1302_DAY     0x8A
  19          #define DS1302_YEAR    0x8C
  20          #define DS1302_WP      0x8E
  21          char DS1302_Time[7]={23,11,13,18,12,30,1};
  22          
  23          void DS1302_Init(void)
  24          {
  25   1              RST=0;
  26   1              SCK=0;
  27   1      }
  28          void Write_Ds1302(unsigned  char temp) 
  29          {
  30   1              unsigned char i;
  31   1              for (i=0;i<8;i++)       
  32   1              { 
  33   2                      SCK = 0;
  34   2                      SDA = temp&0x01;
  35   2                      temp>>=1; 
  36   2                      SCK=1;
  37   2              }
  38   1      }   
  39          
  40          //
  41          void Write_Ds1302_Byte( unsigned char address,unsigned char dat )     
  42          {
  43   1              RST=0;  _nop_();
  44   1              SCK=0;  _nop_();
  45   1              RST=1;  _nop_();  
  46   1              Write_Ds1302(address);  
  47   1              Write_Ds1302(dat);              
  48   1              RST=0; 
  49   1      }
  50          
  51          //
  52          unsigned char Read_Ds1302_Byte ( unsigned char address )
  53          {
  54   1              unsigned char i,temp=0x00;
C51 COMPILER V9.54   DS1302                                                                11/13/2023 23:49:43 PAGE 2   

  55   1              RST=0;  _nop_();
  56   1              SCK=0;  _nop_();
  57   1              RST=1;  _nop_();
  58   1              address |=0x01;//转为读地址
  59   1              Write_Ds1302(address);
  60   1              for (i=0;i<8;i++)       
  61   1              {               
  62   2                      SCK=0;
  63   2                      temp>>=1;       
  64   2                      if(SDA)
  65   2                      temp|=0x80;     
  66   2                      SCK=1;
  67   2              } 
  68   1              RST=0;  _nop_();
  69   1              SCK=0;  _nop_();
  70   1              SCK=1;  _nop_();
  71   1              SDA=0;  _nop_();
  72   1              SDA=1;  _nop_();
  73   1              return (temp);                  
  74   1      }
  75          void DS1302_SetTime(void)
  76          {
  77   1              Write_Ds1302_Byte(DS1302_WP,0x00);//解除写保护
  78   1              Write_Ds1302_Byte(DS1302_YEAR,DS1302_Time[0]/10*16+DS1302_Time[0]%10);
  79   1              Write_Ds1302_Byte(DS1302_MONTH,DS1302_Time[1]/10*16+DS1302_Time[1]%10);
  80   1              Write_Ds1302_Byte(DS1302_DATE,DS1302_Time[2]/10*16+DS1302_Time[2]%10);
  81   1              Write_Ds1302_Byte(DS1302_HOUR,DS1302_Time[3]/10*16+DS1302_Time[3]%10);
  82   1              Write_Ds1302_Byte(DS1302_MINUTES,DS1302_Time[4]/10*16+DS1302_Time[4]%10);
  83   1              Write_Ds1302_Byte(DS1302_SECOND,DS1302_Time[5]/10*16+DS1302_Time[5]%10);
  84   1              Write_Ds1302_Byte(DS1302_DAY,DS1302_Time[6]/10*16+DS1302_Time[6]%10);
  85   1              Write_Ds1302_Byte(DS1302_WP,0x80);//开启写保护
  86   1      }
  87          void DS1302_ReadTime(void)
  88          {
  89   1              unsigned char Temp;
  90   1              Temp = Read_Ds1302_Byte(DS1302_YEAR);
  91   1              DS1302_Time[0] = Temp/16*10+Temp%16;
  92   1              Temp = Read_Ds1302_Byte(DS1302_MONTH);
  93   1              DS1302_Time[1] = Temp/16*10+Temp%16;
  94   1              Temp = Read_Ds1302_Byte(DS1302_DATE);
  95   1              DS1302_Time[2] = Temp/16*10+Temp%16;
  96   1              Temp = Read_Ds1302_Byte(DS1302_HOUR);
  97   1              DS1302_Time[3] = Temp/16*10+Temp%16;
  98   1              Temp = Read_Ds1302_Byte(DS1302_MINUTES);
  99   1              DS1302_Time[4] = Temp/16*10+Temp%16;
 100   1              Temp = Read_Ds1302_Byte(DS1302_SECOND);
 101   1              DS1302_Time[5] = Temp/16*10+Temp%16;
 102   1              Temp = Read_Ds1302_Byte(DS1302_DAY);
 103   1              DS1302_Time[6] = Temp/16*10+Temp%16;    
 104   1      }


MODULE INFORMATION:   STATIC OVERLAYABLE
   CODE SIZE        =    464    ----
   CONSTANT SIZE    =   ----    ----
   XDATA SIZE       =   ----    ----
   PDATA SIZE       =   ----    ----
   DATA SIZE        =      7    ----
   IDATA SIZE       =   ----    ----
   BIT SIZE         =   ----    ----
END OF MODULE INFORMATION.


C51 COMPILATION COMPLETE.  0 WARNING(S),  0 ERROR(S)
