C51 COMPILER V9.54   LED                                                                   11/13/2023 23:49:41 PAGE 1   


C51 COMPILER V9.54, COMPILATION OF MODULE LED
OBJECT MODULE PLACED IN .\Objects\LED.obj
COMPILER INVOKED BY: D:\KEIL5\keil5.1\C51\BIN\C51.EXE LED.c OPTIMIZE(8,SPEED) BROWSE INCDIR(..\Ä£Äâ²âÊÔ) DEBUG OBJECTEXT
                    -END PRINT(.\Listings\LED.lst) OBJECT(.\Objects\LED.obj)

line level    source

   1          #include "LED.h"
   2          void LED_Scan(unsigned char num)
   3          {
   4   1              HC138_Chose(4);
   5   1              P0= ~ (P0 & 0x00)|(0x01<<(num-1));
   6   1      }
   7          void L1_ON(void)
   8          {
   9   1              LED_Scan(1);
  10   1      }
  11          void L2_ON(void)
  12          {
  13   1              LED_Scan(2);
  14   1      }
  15          void L3_ON(void)
  16          {
  17   1              LED_Scan(3);
  18   1      }
  19          void L4_ON(void)
  20          {
  21   1              LED_Scan(4);
  22   1      }


MODULE INFORMATION:   STATIC OVERLAYABLE
   CODE SIZE        =     47    ----
   CONSTANT SIZE    =   ----    ----
   XDATA SIZE       =   ----    ----
   PDATA SIZE       =   ----    ----
   DATA SIZE        =   ----       1
   IDATA SIZE       =   ----    ----
   BIT SIZE         =   ----    ----
END OF MODULE INFORMATION.


C51 COMPILATION COMPLETE.  0 WARNING(S),  0 ERROR(S)
