C51 COMPILER V9.54   SMG                                                                   11/13/2023 23:49:41 PAGE 1   


C51 COMPILER V9.54, COMPILATION OF MODULE SMG
OBJECT MODULE PLACED IN .\Objects\SMG.obj
COMPILER INVOKED BY: D:\KEIL5\keil5.1\C51\BIN\C51.EXE SMG.c OPTIMIZE(8,SPEED) BROWSE INCDIR(..\模拟测试) DEBUG OBJECTEXT
                    -END PRINT(.\Listings\SMG.lst) OBJECT(.\Objects\SMG.obj)

line level    source

   1          #include "SMG.h"
   2          unsigned char code duanma[19]={
   3          0xc0, //0
   4          0xf9, //1
   5          0xa4, //2
   6          0xb0, //3
   7          0x99, //4
   8          0x92, //5
   9          0x82, //6
  10          0xf8, //7
  11          0x80, //8
  12          0x90, //9
  13          0x88, //A 11
  14          0x83, //b
  15          0xc6, //C
  16          0xa1, //d
  17          0x86, //E
  18          0x8e, //F
  19          0xbf, 
  20          0x7f, 
  21          0xff  
  22          };
  23          /***************************存放将要显示的数据********************************/
  24          unsigned char SMGShow_Buf[9]={0,19,19,19,19,19,19,19,19};
  25          
  26          /**************************设置将要显示的数据*********************************/ 
  27          void SMG_SetBuf(unsigned char pos,unsigned char number)
  28          {
  29   1              SMGShow_Buf[pos]=number;
  30   1      }
  31          
  32          /***************************数码管扫描显示********************************/
  33          void DisplySMG(unsigned char pos,unsigned char date)
  34          {
  35   1              P0=0xff;//熄灭所有断码
  36   1              HC138_Chose(6);//开启位选通道
  37   1              P0 = ~((P0 & 0x00) | (0x01<<(pos-1)));//点亮哪一位数码管
  38   1              HC138_Chose(7);//开启断码显示通道
  39   1              P0 = duanma[date];//显示数据
  40   1      }
  41          
  42          /***************************定时器定时扫描********************************/
  43          void SMG_Loop(void)
  44          {
  45   1              static unsigned char i =1;
  46   1              DisplySMG(i,SMGShow_Buf[i]);
  47   1              i++;
  48   1              if(i<=9){i=1;}
  49   1      }


MODULE INFORMATION:   STATIC OVERLAYABLE
   CODE SIZE        =     76    ----
   CONSTANT SIZE    =     19    ----
C51 COMPILER V9.54   SMG                                                                   11/13/2023 23:49:41 PAGE 2   

   XDATA SIZE       =   ----    ----
   PDATA SIZE       =   ----    ----
   DATA SIZE        =     10       2
   IDATA SIZE       =   ----    ----
   BIT SIZE         =   ----    ----
END OF MODULE INFORMATION.


C51 COMPILATION COMPLETE.  0 WARNING(S),  0 ERROR(S)
