C51 COMPILER V9.54   SYS                                                                   11/13/2023 23:49:44 PAGE 1   


C51 COMPILER V9.54, COMPILATION OF MODULE SYS
OBJECT MODULE PLACED IN .\Objects\sys.obj
COMPILER INVOKED BY: D:\KEIL5\keil5.1\C51\BIN\C51.EXE sys.c OPTIMIZE(8,SPEED) BROWSE INCDIR(..\Ä£Äâ²âÊÔ) DEBUG OBJECTEXT
                    -END PRINT(.\Listings\sys.lst) OBJECT(.\Objects\sys.obj)

line level    source

   1          #include "sys.h"
   2          
   3          
   4          void HC138_Chose(unsigned char channel)
   5          {
   6   1              switch(channel)
   7   1              {
   8   2                      case 4:
   9   2                              P2 = (P2 & 0x1f) | 0x80;//1000
  10   2                      break;
  11   2                      case 5:
  12   2                              P2 = (P2 & 0x1f) | 0xa0;//1010
  13   2                      break;
  14   2                      case 6:
  15   2                              P2 = (P2 & 0x1f) | 0xc0;//1100
  16   2                      break;
  17   2                      case 7:
  18   2                              P2 = (P2 & 0x1f) | 0xe0;//1110
  19   2                      break;
  20   2              }
  21   1      }


MODULE INFORMATION:   STATIC OVERLAYABLE
   CODE SIZE        =     51    ----
   CONSTANT SIZE    =   ----    ----
   XDATA SIZE       =   ----    ----
   PDATA SIZE       =   ----    ----
   DATA SIZE        =   ----    ----
   IDATA SIZE       =   ----    ----
   BIT SIZE         =   ----    ----
END OF MODULE INFORMATION.


C51 COMPILATION COMPLETE.  0 WARNING(S),  0 ERROR(S)
