C51 COMPILER V9.54   MAIN                                                                  11/12/2023 09:32:56 PAGE 1   


C51 COMPILER V9.54, COMPILATION OF MODULE MAIN
OBJECT MODULE PLACED IN .\Objects\main.obj
COMPILER INVOKED BY: D:\KEIL5\keil5.1\C51\BIN\C51.EXE main.c OPTIMIZE(8,SPEED) BROWSE INCDIR(..\2.继电器与蜂鸣器) DEBUG 
                    -OBJECTEXTEND PRINT(.\Listings\main.lst) OBJECT(.\Objects\main.obj)

line level    source

   1          #include "sys.h"
   2          
   3          int main()
   4          {
   5   1              LED_Init();//LED初始化
   6   1              BUZZ_Init();//蜂鸣器初始化
   7   1              Realy_Init();//继电器初始化
   8   1      
   9   1              while(1)
  10   1              {
  11   2                      int i=0;
  12   2                      /****************************8 个 LED 灯同时闪烁 3 次*******************************/
  13   2                      for(i=0;i<3;i++)
  14   2                      {
  15   3                              LED_ALL_ON();
  16   3                              Delay(500);
  17   3                              LED_ALL_OFF();
  18   3                              Delay(500);             
  19   3                      }
  20   2                      
  21   2                      /****************************从 L1 灯至 L8 灯依次点亮*******************************/
  22   2                      for(i=0;i<8;i++)
  23   2                      {
  24   3                              P0=0xff<<i;//依次点亮
  25   3                      }
  26   2                      /****************************继电器吸合， 延时片刻， 继电器断开*******************************/
  27   2                      Realy_ON();
  28   2                      Delay(5000);
  29   2                      Realy_OFF();
  30   2                      
  31   2                      /****************************从 L1 灯至 L8 灯依次熄灭*******************************/
  32   2                      for(i=0;i<8;i++)
  33   2                      {
  34   3                              P0=~(0xff<<i);//依次熄灭
  35   3                      }
  36   2                      /****************************蜂鸣器鸣叫一会后关闭*******************************/
  37   2                      BUZZ_ON();
  38   2                      Delay(5000);
  39   2                      BUZZ_OFF();
  40   2                      /****************************LED0点亮*******************************/
  41   2                      LED_SHOW(0);
  42   2      
  43   2              }
  44   1      }


MODULE INFORMATION:   STATIC OVERLAYABLE
   CODE SIZE        =    160    ----
   CONSTANT SIZE    =   ----    ----
   XDATA SIZE       =   ----    ----
   PDATA SIZE       =   ----    ----
   DATA SIZE        =   ----       2
   IDATA SIZE       =   ----    ----
   BIT SIZE         =   ----    ----
C51 COMPILER V9.54   MAIN                                                                  11/12/2023 09:32:56 PAGE 2   

END OF MODULE INFORMATION.


C51 COMPILATION COMPLETE.  0 WARNING(S),  0 ERROR(S)
