C51 COMPILER V9.54   BUZZ                                                                  11/12/2023 20:53:22 PAGE 1   


C51 COMPILER V9.54, COMPILATION OF MODULE BUZZ
OBJECT MODULE PLACED IN .\Objects\buzz.obj
COMPILER INVOKED BY: D:\KEIL5\keil5.1\C51\BIN\C51.EXE buzz.c OPTIMIZE(8,SPEED) BROWSE INCDIR(..\09-定时器实现秒闪功能) D
                    -EBUG OBJECTEXTEND PRINT(.\Listings\buzz.lst) OBJECT(.\Objects\buzz.obj)

line level    source

   1          #include "sys.h"
   2          sbit buzz =  P0^7;
   3          
   4          void BUZZ_Init(void)
   5          {
   6   1              Init_HC138(5);//导通Y5
   7   1              buzz=0;
   8   1      }
   9          void BUZZ_ON(void)
  10          {
  11   1              Init_HC138(5);//导通Y5
  12   1              buzz=1;//蜂鸣器响
  13   1      }
  14          void BUZZ_OFF(void)
  15          {
  16   1              Init_HC138(5);//导通Y5
  17   1              buzz=0;
  18   1      }


MODULE INFORMATION:   STATIC OVERLAYABLE
   CODE SIZE        =     24    ----
   CONSTANT SIZE    =   ----    ----
   XDATA SIZE       =   ----    ----
   PDATA SIZE       =   ----    ----
   DATA SIZE        =   ----    ----
   IDATA SIZE       =   ----    ----
   BIT SIZE         =   ----    ----
END OF MODULE INFORMATION.


C51 COMPILATION COMPLETE.  0 WARNING(S),  0 ERROR(S)
