C51 COMPILER V9.54   MAIN                                                                  11/12/2023 21:11:45 PAGE 1   


C51 COMPILER V9.54, COMPILATION OF MODULE MAIN
OBJECT MODULE PLACED IN .\Objects\main.obj
COMPILER INVOKED BY: D:\KEIL5\keil5.1\C51\BIN\C51.EXE main.c OPTIMIZE(8,SPEED) BROWSE INCDIR(..\09-定时器实现秒闪功能) D
                    -EBUG OBJECTEXTEND PRINT(.\Listings\main.lst) OBJECT(.\Objects\main.obj)

line level    source

   1          #include "sys.h"
   2          sbit S7 = P3^0;
   3          sbit L1 = P0^0;
   4          unsigned char Key_Flag;
   5          int main()
   6          {
   7   1              //LED_Init();//LED初始化
   8   1              //BUZZ_Init();//蜂鸣器初始化
   9   1              //Realy_Init();//继电器初始化
  10   1              //SMG_Init();//数码管初始化
  11   1              //Exit_Init();//INT0初始化
  12   1              Timer0_Init();//定时器0初始化
  13   1              L1 = 1;
  14   1              //Timer1_Init();//定时器0初始化
  15   1              while(1)
  16   1              {
  17   2                      if(S7==0)
  18   2                      {
  19   3                              Delay(20);
  20   3                              if(S7==0 && Key_Flag==0)
  21   3                              {
  22   4                                      TR0=1;
  23   4                                      L1=0;
  24   4                                      pwm=10;
  25   4                                      Key_Flag==1;
*** WARNING C275 IN LINE 25 OF main.c: expression with possibly no effect
  26   4                              }
  27   3                              else if(S7==0 && Key_Flag==1)
  28   3                              {
  29   4                                      pwm=50;
  30   4                                      Key_Flag==2;    
*** WARNING C275 IN LINE 30 OF main.c: expression with possibly no effect
  31   4                              }
  32   3                              else if(S7==0 && Key_Flag==2)
  33   3                              {
  34   4                                      pwm=90;
  35   4                                      Key_Flag==3;    
*** WARNING C275 IN LINE 35 OF main.c: expression with possibly no effect
  36   4                              }
  37   3                              else if(S7==0 && Key_Flag==3)
  38   3                              {
  39   4                                      TR0=0;
  40   4                                      L1=1;
  41   4                                      Key_Flag==0;    
*** WARNING C275 IN LINE 41 OF main.c: expression with possibly no effect
  42   4                              }
  43   3                              while(S7==0);
  44   3                      }
  45   2      
  46   2              }
  47   1      }


MODULE INFORMATION:   STATIC OVERLAYABLE
C51 COMPILER V9.54   MAIN                                                                  11/12/2023 21:11:45 PAGE 2   

   CODE SIZE        =     74    ----
   CONSTANT SIZE    =   ----    ----
   XDATA SIZE       =   ----    ----
   PDATA SIZE       =   ----    ----
   DATA SIZE        =      1    ----
   IDATA SIZE       =   ----    ----
   BIT SIZE         =   ----    ----
END OF MODULE INFORMATION.


C51 COMPILATION COMPLETE.  4 WARNING(S),  0 ERROR(S)
