C51 COMPILER V9.54   TIMER0                                                                11/12/2023 21:08:27 PAGE 1   


C51 COMPILER V9.54, COMPILATION OF MODULE TIMER0
OBJECT MODULE PLACED IN .\Objects\Timer0.obj
COMPILER INVOKED BY: D:\KEIL5\keil5.1\C51\BIN\C51.EXE Timer0.c OPTIMIZE(8,SPEED) BROWSE INCDIR(..\09-定时器实现秒闪功能)
                    - DEBUG OBJECTEXTEND PRINT(.\Listings\Timer0.lst) OBJECT(.\Objects\Timer0.obj)

line level    source

   1          #include "Timer0.h"
   2          sbit S7 = P3^0;
   3          sbit S6 = P3^1;
   4          sbit S5 = P3^2;
   5          sbit S4 = P3^3;
   6          
   7          sbit L1 = P0^0;
   8          sbit L2 = P0^1;
   9          sbit L3 = P0^2;
  10          sbit L4 = P0^3;
  11          sbit L5 = P0^4;
  12          sbit L6 = P0^5;
  13          sbit L7 = P0^6;
  14          sbit L8 = P0^7;
  15          void Timer0_Init(void)      //50毫秒@11.0592MHz
  16          {                                                       
  17   1              AUXR &= 0x3F;                   //定时器时钟12T模式
  18   1              TMOD &= 0xf0;                   //16 位的定时/计数器
  19   1              TMOD |= 0x01;                   //16 位的定时/计数器
  20   1              TH0=(65535-100)/256;    //赋初值60---0xD1
  21   1              TL0=(65535-100)%256;    //68----0x20
  22   1              ET0=1;                                  //允许定时器0中断
  23   1              IT0=1;                                  //外部中断 0 为下降沿触发方式
  24   1              PT0=1;                                  //置 1 为高优先级
  25   1              TF0 = 0;                                //清除TF0标志
  26   1              EA=1;//CPU 开放中断
  27   1              TR0=0;//开启定时器0
  28   1      }
  29          void Timer1_Init(void)          //50毫秒@11.0592MHz
  30          {
  31   1              
  32   1              //AUXR &= 0xBF;                 //定时器时钟12T模式
  33   1              TMOD &= 0x0F;                   //设置定时器模式
  34   1              TMOD |= 0x10;                   //设置定时器模式
  35   1              TL1 = 0x00;                             //设置定时初始值
  36   1              TH1 = 0x4C;                             //设置定时初始值
  37   1              ET1=1;
  38   1              IT1=1;
  39   1              PT1=0;
  40   1              TF1 = 0;                                //清除TF1标志
  41   1              EA=1;
  42   1              TR1 = 0;                                //定时器1开始计时
  43   1      }
  44          
  45          unsigned char pwm;
  46          unsigned char count;
  47          void Timer0_Intrrupt(void) interrupt 1 //50ms中断
  48          {
  49   1              TH0=(65535-100)/256;//赋初值
  50   1              TL0=(65535-100)%256;
  51   1              count++;
  52   1              if(count==pwm)//位于预定后置1
  53   1              {
  54   2                      L1 = 1;
C51 COMPILER V9.54   TIMER0                                                                11/12/2023 21:08:27 PAGE 2   

  55   2              }
  56   1              else if(count == 100)//位于预定前置0
  57   1              {
  58   2                      L1=0;
  59   2                      count=0;
  60   2              }
  61   1      }
  62          unsigned char count1;
  63          void Timer1_Intrrupt(void) interrupt 3 //50ms中断
  64          {
  65   1              TH1=0x0C;//赋初值
  66   1              TL1=0x4C;
  67   1              count1++;
  68   1              if(count1%10)//500ms
  69   1              {
  70   2                      L2 = ~L2;
  71   2              }
  72   1              if(count1 == 20)//1s
  73   1              {
  74   2                      L7 =~L7;//每秒点亮一次
  75   2                      count1=0;
  76   2              }
  77   1      }


MODULE INFORMATION:   STATIC OVERLAYABLE
   CODE SIZE        =    132    ----
   CONSTANT SIZE    =   ----    ----
   XDATA SIZE       =   ----    ----
   PDATA SIZE       =   ----    ----
   DATA SIZE        =      3    ----
   IDATA SIZE       =   ----    ----
   BIT SIZE         =   ----    ----
END OF MODULE INFORMATION.


C51 COMPILATION COMPLETE.  0 WARNING(S),  0 ERROR(S)
