C51 COMPILER V9.54   MAIN                                                                  11/12/2023 10:16:06 PAGE 1   


C51 COMPILER V9.54, COMPILATION OF MODULE MAIN
OBJECT MODULE PLACED IN .\Objects\main.obj
COMPILER INVOKED BY: D:\KEIL5\keil5.1\C51\BIN\C51.EXE main.c OPTIMIZE(8,SPEED) BROWSE INCDIR(..\2.继电器与蜂鸣器) DEBUG 
                    -OBJECTEXTEND PRINT(.\Listings\main.lst) OBJECT(.\Objects\main.obj)

line level    source

   1          #include "sys.h"
   2          
   3          int main()
   4          {
   5   1              LED_Init();//LED初始化
   6   1              BUZZ_Init();//蜂鸣器初始化
   7   1              Realy_Init();//继电器初始化
   8   1              SMG_Init();//数码管初始化
   9   1              while(1)
  10   1              {
  11   2                      Key_contron();
  12   2              }
  13   1      }


MODULE INFORMATION:   STATIC OVERLAYABLE
   CODE SIZE        =     17    ----
   CONSTANT SIZE    =   ----    ----
   XDATA SIZE       =   ----    ----
   PDATA SIZE       =   ----    ----
   DATA SIZE        =   ----    ----
   IDATA SIZE       =   ----    ----
   BIT SIZE         =   ----    ----
END OF MODULE INFORMATION.


C51 COMPILATION COMPLETE.  0 WARNING(S),  0 ERROR(S)
