C51 COMPILER V9.54   LED                                                                   11/12/2023 18:31:12 PAGE 1   


C51 COMPILER V9.54, COMPILATION OF MODULE LED
OBJECT MODULE PLACED IN .\Objects\LED.obj
COMPILER INVOKED BY: D:\KEIL5\keil5.1\C51\BIN\C51.EXE LED.c OPTIMIZE(8,SPEED) BROWSE INCDIR(..\2.继电器与蜂鸣器) DEBUG O
                    -BJECTEXTEND PRINT(.\Listings\LED.lst) OBJECT(.\Objects\LED.obj)

line level    source

   1          #include "LED.h"
   2          sbit L1 = P0^0;
   3          void LED_Work(void)
   4          {
   5   1              Init_HC138(4);//Y4
   6   1              L1=0;
   7   1              Delay(1000);
   8   1              Init_HC138(4);//Y4
   9   1              L1=1;
  10   1              Delay(1000);
  11   1      }
  12          /**
  13            ************************************************************************** 
  14            ** -------------------------------------------------------------------- **
  15            ** @name          : None
  16            ** @brief         : num为0,L1点亮
  17            ** @param         : P0=~(0000 0000 | 0000 0001)=1111 1110
  18            ** @retval        : None
  19            ** @author        : SmallBit886
  20            ** -------------------------------------------------------------------- **
  21            ** @attention     : 非法操作全部熄灭
  22            ** -------------------------------------------------------------------- **
  23            ************************************************************************** 
  24          **/
  25          
  26          void LED_SHOW(unsigned char num)
  27          {
  28   1              if(8 > num && 0 <= num)
  29   1              {
  30   2                      Init_HC138(4);//Y4
  31   2                      P0 = ~((P0 & 0x00) | (0x01 << num));
  32   2              }
  33   1              else
  34   1              {
  35   2                      Init_HC138(4);//Y4
  36   2                      P0 = 0xff;//全部熄灭
  37   2              }
  38   1      }
  39          /***********************************************************/
  40          void LED_Init(void)
  41          {
  42   1              Init_HC138(4);//Y4
  43   1              LED_ALL_OFF();//熄灭全部
  44   1      }
  45          /***********************************************************/
  46          void LED_ALL_ON(void)
  47          {
  48   1              Init_HC138(4);//Y4
  49   1              P0 = 0x00;//全部亮
  50   1      }
  51          /***********************************************************/
  52          void LED_ALL_OFF(void)
  53          {
  54   1              Init_HC138(4);//Y4
C51 COMPILER V9.54   LED                                                                   11/12/2023 18:31:12 PAGE 2   

  55   1              P0 = 0xff;//全部熄灭
  56   1      }


MODULE INFORMATION:   STATIC OVERLAYABLE
   CODE SIZE        =    100    ----
   CONSTANT SIZE    =   ----    ----
   XDATA SIZE       =   ----    ----
   PDATA SIZE       =   ----    ----
   DATA SIZE        =   ----       1
   IDATA SIZE       =   ----    ----
   BIT SIZE         =   ----    ----
END OF MODULE INFORMATION.


C51 COMPILATION COMPLETE.  0 WARNING(S),  0 ERROR(S)
