C51 COMPILER V9.54   MAIN                                                                  11/12/2023 18:34:42 PAGE 1   


C51 COMPILER V9.54, COMPILATION OF MODULE MAIN
OBJECT MODULE PLACED IN .\Objects\main.obj
COMPILER INVOKED BY: D:\KEIL5\keil5.1\C51\BIN\C51.EXE main.c OPTIMIZE(8,SPEED) BROWSE INCDIR(..\2.继电器与蜂鸣器) DEBUG 
                    -OBJECTEXTEND PRINT(.\Listings\main.lst) OBJECT(.\Objects\main.obj)

line level    source

   1          #include "sys.h"
   2          
   3          sbit L8 = P0^7;
   4          int main()
   5          {
   6   1      //      LED_Init();//LED初始化
   7   1      //      BUZZ_Init();//蜂鸣器初始化
   8   1      //      Realy_Init();//继电器初始化
   9   1      //      SMG_Init();//数码管初始化
  10   1              Exit_Init();//INT0初始化
  11   1              while(1)
  12   1              {
  13   2      
  14   2                      LED_Work();
  15   2                      ScanKey_Alone();
  16   2                      if(Flag_EX0==1)
  17   2                      {
  18   3                              //Init_HC138(4);//Y4
  19   3                              L8=~L8;
  20   3                              Flag_EX0=0;
  21   3                      }
  22   2                      
  23   2              }
  24   1      }


MODULE INFORMATION:   STATIC OVERLAYABLE
   CODE SIZE        =     21    ----
   CONSTANT SIZE    =   ----    ----
   XDATA SIZE       =   ----    ----
   PDATA SIZE       =   ----    ----
   DATA SIZE        =   ----    ----
   IDATA SIZE       =   ----    ----
   BIT SIZE         =   ----    ----
END OF MODULE INFORMATION.


C51 COMPILATION COMPLETE.  0 WARNING(S),  0 ERROR(S)
