C51 COMPILER V9.54   KEY                                                                   11/12/2023 00:14:46 PAGE 1   


C51 COMPILER V9.54, COMPILATION OF MODULE KEY
OBJECT MODULE PLACED IN .\Objects\key.obj
COMPILER INVOKED BY: D:\KEIL5\keil5.1\C51\BIN\C51.EXE key.c OPTIMIZE(8,SPEED) BROWSE INCDIR(..\2.¼ÌµçÆ÷Óë·äÃùÆ÷) DEBUG O
                    -BJECTEXTEND PRINT(.\Listings\key.lst) OBJECT(.\Objects\key.obj)

line level    source

   1          #include "key.h"
   2          sbit S7 = P3^0;
   3          sbit S6 = P3^1;
   4          sbit S5 = P3^2;
   5          sbit S4 = P3^3;
   6          
   7          sbit L1 = P0^0;
   8          sbit L2 = P0^1;
   9          sbit L3 = P0^2;
  10          sbit L4 = P0^3;
  11          sbit L5 = P0^4;
  12          sbit L6 = P0^5;
  13          void ScanKey_Alone()
  14          {
  15   1              if(S7==0)
  16   1              {
  17   2                      Delay(20);
  18   2                      if(S7==0)
  19   2                      {
  20   3                              L1=0;
  21   3                              while(S7==0);
  22   3                              L1=1;
  23   3                      }
  24   2              }
  25   1      }
  26          /***************************¾ØÕó¼üÅÌ********************************/
  27          unsigned char Key_Num;
  28          void Key_Read(void)
  29          {
  30   1              
  31   1              P44 = 0; P42 = 1; P35 = 1; P34 = 1; // µÚ 1 ÁÐ
  32   1              P30 = 1; P31 = 1; P32 = 1; P33 = 1; 
  33   1              if(P30==0)
  34   1              {
  35   2                      Delay(20);
  36   2                      if(P30==0)Key_Num = 1;
  37   2              }
  38   1              else if(P31==0)
  39   1              {
  40   2                      Delay(20);
  41   2                      if(P31==0)Key_Num =  2;
  42   2              }
  43   1                      else if(P32==0)
  44   1              {
  45   2                      Delay(20);
  46   2                      if(P32==0)Key_Num =  3;
  47   2              }
  48   1                      else if(P33==0)
  49   1              {
  50   2                      Delay(20);
  51   2                      if(P33==0) Key_Num =  4;
  52   2              }
  53   1              
  54   1      }
C51 COMPILER V9.54   KEY                                                                   11/12/2023 00:14:46 PAGE 2   



MODULE INFORMATION:   STATIC OVERLAYABLE
   CODE SIZE        =    105    ----
   CONSTANT SIZE    =   ----    ----
   XDATA SIZE       =   ----    ----
   PDATA SIZE       =   ----    ----
   DATA SIZE        =      1    ----
   IDATA SIZE       =   ----    ----
   BIT SIZE         =   ----    ----
END OF MODULE INFORMATION.


C51 COMPILATION COMPLETE.  0 WARNING(S),  0 ERROR(S)
