C51 COMPILER V9.54   MAIN                                                                  11/12/2023 20:06:10 PAGE 1   


C51 COMPILER V9.54, COMPILATION OF MODULE MAIN
OBJECT MODULE PLACED IN .\Objects\main.obj
COMPILER INVOKED BY: D:\KEIL5\keil5.1\C51\BIN\C51.EXE main.c OPTIMIZE(8,SPEED) BROWSE INCDIR(..\2.继电器与蜂鸣器) DEBUG 
                    -OBJECTEXTEND PRINT(.\Listings\main.lst) OBJECT(.\Objects\main.obj)

line level    source

   1          #include "sys.h"
   2          
   3          int main()
   4          {
   5   1      //      LED_Init();//LED初始化
   6   1      //      BUZZ_Init();//蜂鸣器初始化
   7   1      //      Realy_Init();//继电器初始化
   8   1              SMG_Init();//数码管初始化
   9   1              while(1)
  10   1              {
  11   2                      
  12   2      
  13   2                      /***************************8 个数码管从左至右， 逐个数码管依次显示“0” 到“9” 的 10 个数字***********
             -*********************/
  14   2                      show1();
  15   2                      Delay(500);
  16   2                      /****************************8 个数码管同时显示“0” 到“9” 的 10 个数字和“A” 到“F” 的 6 个字母****
             -***************************/
  17   2                      show2();
  18   2                      Delay(500);
  19   2      
  20   2              }
  21   1      }


MODULE INFORMATION:   STATIC OVERLAYABLE
   CODE SIZE        =     25    ----
   CONSTANT SIZE    =   ----    ----
   XDATA SIZE       =   ----    ----
   PDATA SIZE       =   ----    ----
   DATA SIZE        =   ----    ----
   IDATA SIZE       =   ----    ----
   BIT SIZE         =   ----    ----
END OF MODULE INFORMATION.


C51 COMPILATION COMPLETE.  0 WARNING(S),  0 ERROR(S)
