C51 COMPILER V9.54   LED                                                                   11/12/2023 18:59:51 PAGE 1   


C51 COMPILER V9.54, COMPILATION OF MODULE LED
OBJECT MODULE PLACED IN .\Objects\LED.obj
COMPILER INVOKED BY: D:\KEIL5\keil5.1\C51\BIN\C51.EXE LED.c OPTIMIZE(8,SPEED) BROWSE INCDIR(..\09-定时器实现秒闪功能) DE
                    -BUG OBJECTEXTEND PRINT(.\Listings\LED.lst) OBJECT(.\Objects\LED.obj)

line level    source

   1          #include "LED.h"
   2          sbit S7 = P3^0;
   3          sbit S6 = P3^1;
   4          sbit S5 = P3^2;
   5          sbit S4 = P3^3;
   6          
   7          sbit L1 = P0^0;
   8          sbit L2 = P0^1;
   9          sbit L3 = P0^2;
  10          sbit L4 = P0^3;
  11          sbit L5 = P0^4;
  12          sbit L6 = P0^5;
  13          sbit L7 = P0^6;
  14          sbit L8 = P0^7;
  15          void LED_Work(void)
  16          {
  17   1              Init_HC138(4);//Y4
  18   1              L1=0;
  19   1              Delay(500);
  20   1              Init_HC138(4);//Y4
  21   1              L1=1;
  22   1              Delay(500);
  23   1      }
  24          /**
  25            ************************************************************************** 
  26            ** -------------------------------------------------------------------- **
  27            ** @name          : None
  28            ** @brief         : num为0,L1点亮
  29            ** @param         : P0=~(0000 0000 | 0000 0001)=1111 1110
  30            ** @retval        : None
  31            ** @author        : SmallBit886
  32            ** -------------------------------------------------------------------- **
  33            ** @attention     : 非法操作全部熄灭
  34            ** -------------------------------------------------------------------- **
  35            ************************************************************************** 
  36          **/
  37          
  38          void LED_SHOW(unsigned char num)
  39          {
  40   1              if(8 > num && 0 <= num)
  41   1              {
  42   2                      Init_HC138(4);//Y4
  43   2                      P0 = ~((P0 & 0x00) | (0x01 << num));
  44   2              }
  45   1              else
  46   1              {
  47   2                      Init_HC138(4);//Y4
  48   2                      P0 = 0xff;//全部熄灭
  49   2              }
  50   1      }
  51          /***********************************************************/
  52          void LED_Init(void)
  53          {
  54   1              Init_HC138(4);//Y4
C51 COMPILER V9.54   LED                                                                   11/12/2023 18:59:51 PAGE 2   

  55   1              LED_ALL_OFF();//熄灭全部
  56   1      }
  57          /***********************************************************/
  58          void LED_ALL_ON(void)
  59          {
  60   1              Init_HC138(4);//Y4
  61   1              P0 = 0x00;//全部亮
  62   1      }
  63          /***********************************************************/
  64          void LED_ALL_OFF(void)
  65          {
  66   1              Init_HC138(4);//Y4
  67   1              P0 = 0xff;//全部熄灭
  68   1      }


MODULE INFORMATION:   STATIC OVERLAYABLE
   CODE SIZE        =    100    ----
   CONSTANT SIZE    =   ----    ----
   XDATA SIZE       =   ----    ----
   PDATA SIZE       =   ----    ----
   DATA SIZE        =   ----       1
   IDATA SIZE       =   ----    ----
   BIT SIZE         =   ----    ----
END OF MODULE INFORMATION.


C51 COMPILATION COMPLETE.  0 WARNING(S),  0 ERROR(S)
