C51 COMPILER V9.54   MAIN                                                                  11/11/2023 21:15:17 PAGE 1   


C51 COMPILER V9.54, COMPILATION OF MODULE MAIN
OBJECT MODULE PLACED IN .\Objects\main.obj
COMPILER INVOKED BY: D:\KEIL5\keil5.1\C51\BIN\C51.EXE main.c OPTIMIZE(8,SPEED) BROWSE INCDIR(..\AT89C52_TEST) DEBUG OBJE
                    -CTEXTEND PRINT(.\Listings\main.lst) OBJECT(.\Objects\main.obj)

line level    source

   1          #include <STC15F2K60S2.H>
   2          #include "LED.h"
   3          /**
   4            ************************************************************************** 
   5            ** -------------------------------------------------------------------- **
   6            ** @name          : ms延时
   7            ** @brief         : None
   8            ** @param         : None
   9            ** @retval        : None
  10            ** @author        : SmallBit886
  11            ** -------------------------------------------------------------------- **
  12            ** @attention     : None
  13            ** -------------------------------------------------------------------- **
  14            ************************************************************************** 
  15          **/
  16          void Delay(unsigned int ms)             //@12.000MHz
  17          {
  18   1              unsigned char data i, j;
  19   1              while(ms)
  20   1              {
  21   2                      i = 2;
  22   2                      j = 239;
  23   2                      do
  24   2                      {
  25   3                              while (--j);
  26   3                      } while (--i);
  27   2                      ms--;   
  28   2              }
  29   1      }
  30          
  31          int main()
  32          {
  33   1              LED_Init();//初始化
  34   1              while(1)
  35   1              {
  36   2                      int i=0;
  37   2                      for(i=0;i<3;i++)
  38   2                      {
  39   3                              LED_ALL_ON();
  40   3                              Delay(500);
  41   3                              LED_ALL_OFF();
  42   3                              Delay(500);             
  43   3                      }
  44   2                      for(i=0;i<8;i++)
  45   2                      {
  46   3                              P0=0xff<<i;//依次点亮
  47   3                      }
  48   2                      for(i=0;i<8;i++)
  49   2                      {
  50   3                              P0=~(0xff<<i);//依次熄灭
  51   3                      }
  52   2                      
  53   2                      LED_SHOW(0);
  54   2              }
C51 COMPILER V9.54   MAIN                                                                  11/11/2023 21:15:17 PAGE 2   

  55   1      
  56   1      }


MODULE INFORMATION:   STATIC OVERLAYABLE
   CODE SIZE        =    147    ----
   CONSTANT SIZE    =   ----    ----
   XDATA SIZE       =   ----    ----
   PDATA SIZE       =   ----    ----
   DATA SIZE        =   ----       2
   IDATA SIZE       =   ----    ----
   BIT SIZE         =   ----    ----
END OF MODULE INFORMATION.


C51 COMPILATION COMPLETE.  0 WARNING(S),  0 ERROR(S)
